<?xml version="1.0" encoding="UTF-8"?>
<!-- Generated by org.testng.reporters.JUnitXMLReporter -->
<testsuite ignored="0" hostname="DESKTOP-HVSKTJH" failures="2" tests="2" name="Default test" time="16.46" errors="0" timestamp="2024-01-23T16:42:29 WAT">
  <testcase classname="io.cucumber.testng.AbstractTestNGCucumberTests" name="runScenario" time="0.216">
    <failure type="io.cucumber.java.PendingException" message="TODO: implement me">
      <![CDATA[io.cucumber.java.PendingException: TODO: implement me
at stepDefinition.SDETregistration.that_user_is_on_the_ultimate_qa_landing_page(SDETregistration.java:13)
at ✽.that user is on the UltimateQA landing page(file:///F:/Users/Bluechip/eclipse-workspace/UltimateQA/src/test/resources/features/blogValidation.feature:7)
]]>
    </failure>
  </testcase> <!-- runScenario -->
  <testcase classname="io.cucumber.testng.AbstractTestNGCucumberTests" name="runScenario" time="0.047">
    <failure type="io.cucumber.java.PendingException" message="TODO: implement me">
      <![CDATA[io.cucumber.java.PendingException: TODO: implement me
at stepDefinition.SDETregistration.that_user_is_on_the_ultimate_qa_landing_page(SDETregistration.java:13)
at ✽.that user is on the UltimateQA landing page(file:///F:/Users/Bluechip/eclipse-workspace/UltimateQA/src/test/resources/features/sDetRegValidation.feature:7)
]]>
    </failure>
  </testcase> <!-- runScenario -->
</testsuite> <!-- Default test -->
