<?xml version="1.0" encoding="UTF-8"?>
<testsuite xmlns:xsi="http://www.w3.org/2001/XMLSchema-instance" xsi:noNamespaceSchemaLocation="https://maven.apache.org/surefire/maven-surefire-plugin/xsd/surefire-test-report-3.0.xsd" version="3.0" name="TestSuite" time="571.486" tests="3" errors="0" skipped="0" failures="3">
  <properties>
[...]
</properties>
  <testcase name="setUpClass[org.testng.TestRunner@74e821b9](0)" classname="runners.Runner" time="438.582">
    <failure message="Error communicating with the remote browser. It may have died.&#10;Build info: version: &apos;4.18.1&apos;, revision: &apos;b1d3319b48&apos;&#10;System info: os.name: &apos;Windows 10&apos;, os.arch: &apos;amd64&apos;, os.version: &apos;10.0&apos;, java.version: &apos;20.0.1&apos;&#10;Driver info: org.openqa.selenium.chrome.ChromeDriver&#10;Command: [483b1ec63b7b544f5d7165754d6421564f0b16b3, maximizeCurrentWindow []]&#10;Capabilities {automationName: XCUITest, bootstrapPath: /usr/local/.browserstack/co..., browserName: , browserVersion: null, browserstack.isTargetBased: true, bundleId: browserstack.chromium.p.71...., databaseEnabled: false, deviceName: iPhone 13, deviceOrientation: PORTRAIT, javascriptEnabled: true, keychainPassword: [REDACTED VALUE], keychainPath: [REDACTED VALUE], locationContextEnabled: false, networkConnectionEnabled: false, newCommandTimeout: 0, noReset: true, optimalHubUrl: hub-euw.browserstack.com, orientation: PORTRAIT, platform: MAC, platformName: IOS, realMobile: true, takesScreenshot: true, udid: 00008110-00015094348B801E, useXctestrunFile: true, webStorageEnabled: false}&#10;Session ID: 483b1ec63b7b544f5d7165754d6421564f0b16b3" type="org.openqa.selenium.remote.UnreachableBrowserException"><![CDATA[org.openqa.selenium.remote.UnreachableBrowserException: 
Error communicating with the remote browser. It may have died.
Build info: version: '4.18.1', revision: 'b1d3319b48'
System info: os.name: 'Windows 10', os.arch: 'amd64', os.version: '10.0', java.version: '20.0.1'
Driver info: org.openqa.selenium.chrome.ChromeDriver
Command: [483b1ec63b7b544f5d7165754d6421564f0b16b3, maximizeCurrentWindow []]
Capabilities {automationName: XCUITest, bootstrapPath: /usr/local/.browserstack/co..., browserName: , browserVersion: null, browserstack.isTargetBased: true, bundleId: browserstack.chromium.p.71...., databaseEnabled: false, deviceName: iPhone 13, deviceOrientation: PORTRAIT, javascriptEnabled: true, keychainPassword: [REDACTED VALUE], keychainPath: [REDACTED VALUE], locationContextEnabled: false, networkConnectionEnabled: false, newCommandTimeout: 0, noReset: true, optimalHubUrl: hub-euw.browserstack.com, orientation: PORTRAIT, platform: MAC, platformName: IOS, realMobile: true, takesScreenshot: true, udid: 00008110-00015094348B801E, useXctestrunFile: true, webStorageEnabled: false}
Session ID: 483b1ec63b7b544f5d7165754d6421564f0b16b3
	at org.openqa.selenium.remote.RemoteWebDriver.execute(RemoteWebDriver.java:546)
	at org.openqa.selenium.remote.RemoteWebDriver.execute(RemoteWebDriver.java:592)
	at org.openqa.selenium.remote.RemoteWebDriver.execute(RemoteWebDriver.java:596)
	at org.openqa.selenium.remote.RemoteWebDriver$RemoteWebDriverOptions$RemoteWindow.maximize(RemoteWebDriver.java:1035)
	at stepDefinition.Base.setup(Base.java:51)
Caused by: java.lang.IllegalArgumentException: Unable to find mapping for {value={message=Session not started or terminated}, sessionId=, status=13}
	at org.openqa.selenium.remote.ErrorCodec.decode(ErrorCodec.java:152)
	at org.openqa.selenium.remote.codec.w3c.W3CHttpResponseCodec.decode(W3CHttpResponseCodec.java:138)
	at org.openqa.selenium.remote.codec.w3c.W3CHttpResponseCodec.decode(W3CHttpResponseCodec.java:50)
	at org.openqa.selenium.remote.HttpCommandExecutor.execute(HttpCommandExecutor.java:190)
	at org.openqa.selenium.remote.RemoteWebDriver.execute(RemoteWebDriver.java:519)
	at org.openqa.selenium.remote.RemoteWebDriver.execute(RemoteWebDriver.java:592)
	at org.openqa.selenium.remote.RemoteWebDriver.execute(RemoteWebDriver.java:596)
	at org.openqa.selenium.remote.RemoteWebDriver$RemoteWebDriverOptions$RemoteWindow.maximize(RemoteWebDriver.java:1035)
	at stepDefinition.Base.setup(Base.java:51)
	at java.base/jdk.internal.reflect.DirectMethodHandleAccessor.invoke(DirectMethodHandleAccessor.java:104)
	at java.base/java.lang.reflect.Method.invoke(Method.java:578)
	at io.cucumber.java.Invoker.doInvoke(Invoker.java:66)
	at io.cucumber.java.Invoker.invokeStatic(Invoker.java:80)
	at io.cucumber.java.AbstractGlueDefinition.invokeMethod(AbstractGlueDefinition.java:45)
	at io.cucumber.java.JavaStaticHookDefinition.execute(JavaStaticHookDefinition.java:49)
	at io.cucumber.core.runner.Runner.executeHook(Runner.java:112)
	at io.cucumber.core.runner.Runner.lambda$executeHooks$2(Runner.java:99)
	at io.cucumber.core.runner.ThrowableCollector.execute(ThrowableCollector.java:21)
	at io.cucumber.core.runner.Runner.executeHooks(Runner.java:99)
	at io.cucumber.core.runner.Runner.runBeforeAllHooks(Runner.java:89)
	at io.cucumber.core.runtime.RethrowingThrowableCollector.executeAndThrow(RethrowingThrowableCollector.java:23)
	at io.cucumber.core.runtime.CucumberExecutionContext.runBeforeAllHooks(CucumberExecutionContext.java:94)
	at io.cucumber.testng.TestNGCucumberRunner.<init>(TestNGCucumberRunner.java:124)
	at io.cucumber.testng.AbstractTestNGCucumberTests.setUpClass(AbstractTestNGCucumberTests.java:27)
	at java.base/jdk.internal.reflect.DirectMethodHandleAccessor.invoke(DirectMethodHandleAccessor.java:104)
	at java.base/java.lang.reflect.Method.invoke(Method.java:578)
	at org.testng.internal.invokers.MethodInvocationHelper.invokeMethod(MethodInvocationHelper.java:139)
	at org.testng.internal.invokers.MethodInvocationHelper.invokeMethodConsideringTimeout(MethodInvocationHelper.java:69)
	at org.testng.internal.invokers.ConfigInvoker.invokeConfigurationMethod(ConfigInvoker.java:390)
	at org.testng.internal.invokers.ConfigInvoker.invokeConfigurations(ConfigInvoker.java:325)
	at org.testng.internal.invokers.TestMethodWorker.invokeBeforeClassMethods(TestMethodWorker.java:180)
	at org.testng.internal.invokers.TestMethodWorker.run(TestMethodWorker.java:122)
	at java.base/java.util.ArrayList.forEach(ArrayList.java:1511)
	at org.testng.TestRunner.privateRun(TestRunner.java:848)
	at org.testng.TestRunner.run(TestRunner.java:621)
	at org.testng.SuiteRunner.runTest(SuiteRunner.java:443)
	at org.testng.SuiteRunner$SuiteWorker.run(SuiteRunner.java:481)
	at org.testng.internal.thread.ThreadUtil.lambda$execute$0(ThreadUtil.java:58)
	at java.base/java.util.concurrent.FutureTask.run(FutureTask.java:317)
	at java.base/java.util.concurrent.ThreadPoolExecutor.runWorker(ThreadPoolExecutor.java:1144)
	at java.base/java.util.concurrent.ThreadPoolExecutor$Worker.run(ThreadPoolExecutor.java:642)
	at java.base/java.lang.Thread.run(Thread.java:1623)
]]></failure>
    <system-err><![CDATA[Feb 28, 2024 1:37:53 AM org.openqa.selenium.devtools.CdpVersionFinder findNearestMatch
WARNING: Unable to find CDP implementation matching 15
Feb 28, 2024 1:37:54 AM org.openqa.selenium.chromium.ChromiumDriver lambda$new$5
WARNING: Unable to find version of CDP to use for 15.6.1. You may need to include a dependency on a specific version of the CDP using something similar to `org.seleniumhq.selenium:selenium-devtools-v86:4.18.1` where the version ("v86") matches the version of the chromium-based browser you're using and the version number of the artifact is the same as Selenium's.
Feb 28, 2024 1:37:56 AM org.openqa.selenium.devtools.CdpEndpointFinder getCdpEndPoint
WARNING: Unable to connect to determine websocket url: java.net.ConnectException
Feb 28, 2024 1:38:09 AM org.openqa.selenium.chromium.ChromiumDriver lambda$new$5
WARNING: Unable to find version of CDP to use for null. You may need to include a dependency on a specific version of the CDP using something similar to `org.seleniumhq.selenium:selenium-devtools-v86:4.18.1` where the version ("v86") matches the version of the chromium-based browser you're using and the version number of the artifact is the same as Selenium's.
Feb 28, 2024 1:42:04 AM okhttp3.internal.platform.Platform log
WARNING: A connection to https://hub-euw.browserstack.com/ was leaked. Did you forget to close a response body? To see where this was allocated, set the OkHttpClient logger level to FINE: Logger.getLogger(OkHttpClient.class.getName()).setLevel(Level.FINE);
Feb 28, 2024 1:42:06 AM okhttp3.internal.platform.Platform log
WARNING: A connection to https://hub-use.browserstack.com/ was leaked. Did you forget to close a response body? To see where this was allocated, set the OkHttpClient logger level to FINE: Logger.getLogger(OkHttpClient.class.getName()).setLevel(Level.FINE);
Feb 28, 2024 1:42:08 AM okhttp3.internal.platform.Platform log
WARNING: A connection to https://hub-aps.browserstack.com/ was leaked. Did you forget to close a response body? To see where this was allocated, set the OkHttpClient logger level to FINE: Logger.getLogger(OkHttpClient.class.getName()).setLevel(Level.FINE);
Feb 28, 2024 1:44:34 AM org.openqa.selenium.remote.ErrorCodes toStatus
INFO: HTTP Status: '404' -> incorrect JSON status mapping for 'unknown error' (500 expected)
]]></system-err>
  </testcase>
  <testcase name="setUpClass[org.testng.TestRunner@2c2428f9](0)" classname="runners.Runner" time="528.695">
    <failure message="Error communicating with the remote browser. It may have died.&#10;Build info: version: &apos;4.18.1&apos;, revision: &apos;b1d3319b48&apos;&#10;System info: os.name: &apos;Windows 10&apos;, os.arch: &apos;amd64&apos;, os.version: &apos;10.0&apos;, java.version: &apos;20.0.1&apos;&#10;Driver info: org.openqa.selenium.chrome.ChromeDriver&#10;Command: [a90a998ee8600d499ecffd536c08aab8a5d9d9d3, maximizeCurrentWindow []]&#10;Capabilities {acceptInsecureCerts: true, browserName: chrome, browserVersion: 121.0.6167.86, chrome: {chromedriverVersion: 121.0.6167.85 (3f98d690ad7e..., userDataDir: C:\Windows\proxy\scoped_dir...}, fedcm:accounts: true, goog:chromeOptions: {debuggerAddress: localhost:9222}, networkConnectionEnabled: false, optimalHubUrl: hub-euw.browserstack.com, pageLoadStrategy: normal, platformName: windows, proxy: Proxy(), setWindowRect: true, strictFileInteractability: false, timeouts: {implicit: 0, pageLoad: 300000, script: 30000}, unhandledPromptBehavior: dismiss and notify, webauthn:extension:credBlob: true, webauthn:extension:largeBlob: true, webauthn:extension:minPinLength: true, webauthn:extension:prf: true, webauthn:virtualAuthenticators: true, webdriver.remote.sessionid: a90a998ee8600d499ecffd536c0...}&#10;Session ID: a90a998ee8600d499ecffd536c08aab8a5d9d9d3" type="org.openqa.selenium.remote.UnreachableBrowserException"><![CDATA[org.openqa.selenium.remote.UnreachableBrowserException: 
Error communicating with the remote browser. It may have died.
Build info: version: '4.18.1', revision: 'b1d3319b48'
System info: os.name: 'Windows 10', os.arch: 'amd64', os.version: '10.0', java.version: '20.0.1'
Driver info: org.openqa.selenium.chrome.ChromeDriver
Command: [a90a998ee8600d499ecffd536c08aab8a5d9d9d3, maximizeCurrentWindow []]
Capabilities {acceptInsecureCerts: true, browserName: chrome, browserVersion: 121.0.6167.86, chrome: {chromedriverVersion: 121.0.6167.85 (3f98d690ad7e..., userDataDir: C:\Windows\proxy\scoped_dir...}, fedcm:accounts: true, goog:chromeOptions: {debuggerAddress: localhost:9222}, networkConnectionEnabled: false, optimalHubUrl: hub-euw.browserstack.com, pageLoadStrategy: normal, platformName: windows, proxy: Proxy(), setWindowRect: true, strictFileInteractability: false, timeouts: {implicit: 0, pageLoad: 300000, script: 30000}, unhandledPromptBehavior: dismiss and notify, webauthn:extension:credBlob: true, webauthn:extension:largeBlob: true, webauthn:extension:minPinLength: true, webauthn:extension:prf: true, webauthn:virtualAuthenticators: true, webdriver.remote.sessionid: a90a998ee8600d499ecffd536c0...}
Session ID: a90a998ee8600d499ecffd536c08aab8a5d9d9d3
	at org.openqa.selenium.remote.RemoteWebDriver.execute(RemoteWebDriver.java:546)
	at org.openqa.selenium.remote.RemoteWebDriver.execute(RemoteWebDriver.java:592)
	at org.openqa.selenium.remote.RemoteWebDriver.execute(RemoteWebDriver.java:596)
	at org.openqa.selenium.remote.RemoteWebDriver$RemoteWebDriverOptions$RemoteWindow.maximize(RemoteWebDriver.java:1035)
	at stepDefinition.Base.setup(Base.java:51)
Caused by: java.lang.IllegalArgumentException: Unable to find mapping for {value={message=Session not started or terminated}, sessionId=, status=13}
	at org.openqa.selenium.remote.ErrorCodec.decode(ErrorCodec.java:152)
	at org.openqa.selenium.remote.codec.w3c.W3CHttpResponseCodec.decode(W3CHttpResponseCodec.java:138)
	at org.openqa.selenium.remote.codec.w3c.W3CHttpResponseCodec.decode(W3CHttpResponseCodec.java:50)
	at org.openqa.selenium.remote.HttpCommandExecutor.execute(HttpCommandExecutor.java:190)
	at org.openqa.selenium.remote.RemoteWebDriver.execute(RemoteWebDriver.java:519)
	at org.openqa.selenium.remote.RemoteWebDriver.execute(RemoteWebDriver.java:592)
	at org.openqa.selenium.remote.RemoteWebDriver.execute(RemoteWebDriver.java:596)
	at org.openqa.selenium.remote.RemoteWebDriver$RemoteWebDriverOptions$RemoteWindow.maximize(RemoteWebDriver.java:1035)
	at stepDefinition.Base.setup(Base.java:51)
	at java.base/jdk.internal.reflect.DirectMethodHandleAccessor.invoke(DirectMethodHandleAccessor.java:104)
	at java.base/java.lang.reflect.Method.invoke(Method.java:578)
	at io.cucumber.java.Invoker.doInvoke(Invoker.java:66)
	at io.cucumber.java.Invoker.invokeStatic(Invoker.java:80)
	at io.cucumber.java.AbstractGlueDefinition.invokeMethod(AbstractGlueDefinition.java:45)
	at io.cucumber.java.JavaStaticHookDefinition.execute(JavaStaticHookDefinition.java:49)
	at io.cucumber.core.runner.Runner.executeHook(Runner.java:112)
	at io.cucumber.core.runner.Runner.lambda$executeHooks$2(Runner.java:99)
	at io.cucumber.core.runner.ThrowableCollector.execute(ThrowableCollector.java:21)
	at io.cucumber.core.runner.Runner.executeHooks(Runner.java:99)
	at io.cucumber.core.runner.Runner.runBeforeAllHooks(Runner.java:89)
	at io.cucumber.core.runtime.RethrowingThrowableCollector.executeAndThrow(RethrowingThrowableCollector.java:23)
	at io.cucumber.core.runtime.CucumberExecutionContext.runBeforeAllHooks(CucumberExecutionContext.java:94)
	at io.cucumber.testng.TestNGCucumberRunner.<init>(TestNGCucumberRunner.java:124)
	at io.cucumber.testng.AbstractTestNGCucumberTests.setUpClass(AbstractTestNGCucumberTests.java:27)
	at java.base/jdk.internal.reflect.DirectMethodHandleAccessor.invoke(DirectMethodHandleAccessor.java:104)
	at java.base/java.lang.reflect.Method.invoke(Method.java:578)
	at org.testng.internal.invokers.MethodInvocationHelper.invokeMethod(MethodInvocationHelper.java:139)
	at org.testng.internal.invokers.MethodInvocationHelper.invokeMethodConsideringTimeout(MethodInvocationHelper.java:69)
	at org.testng.internal.invokers.ConfigInvoker.invokeConfigurationMethod(ConfigInvoker.java:390)
	at org.testng.internal.invokers.ConfigInvoker.invokeConfigurations(ConfigInvoker.java:325)
	at org.testng.internal.invokers.TestMethodWorker.invokeBeforeClassMethods(TestMethodWorker.java:180)
	at org.testng.internal.invokers.TestMethodWorker.run(TestMethodWorker.java:122)
	at java.base/java.util.ArrayList.forEach(ArrayList.java:1511)
	at org.testng.TestRunner.privateRun(TestRunner.java:848)
	at org.testng.TestRunner.run(TestRunner.java:621)
	at org.testng.SuiteRunner.runTest(SuiteRunner.java:443)
	at org.testng.SuiteRunner$SuiteWorker.run(SuiteRunner.java:481)
	at org.testng.internal.thread.ThreadUtil.lambda$execute$0(ThreadUtil.java:58)
	at java.base/java.util.concurrent.FutureTask.run(FutureTask.java:317)
	at java.base/java.util.concurrent.ThreadPoolExecutor.runWorker(ThreadPoolExecutor.java:1144)
	at java.base/java.util.concurrent.ThreadPoolExecutor$Worker.run(ThreadPoolExecutor.java:642)
	at java.base/java.lang.Thread.run(Thread.java:1623)
]]></failure>
    <system-err><![CDATA[Feb 28, 2024 1:44:35 AM org.openqa.selenium.remote.ErrorCodes toStatus
INFO: HTTP Status: '404' -> incorrect JSON status mapping for 'unknown error' (500 expected)
Feb 28, 2024 1:46:04 AM org.openqa.selenium.remote.ErrorCodes toStatus
INFO: HTTP Status: '404' -> incorrect JSON status mapping for 'unknown error' (500 expected)
]]></system-err>
  </testcase>
  <testcase name="setUpClass[org.testng.TestRunner@da2150c](0)" classname="runners.Runner" time="569.74">
    <failure message="Error communicating with the remote browser. It may have died.&#10;Build info: version: &apos;4.18.1&apos;, revision: &apos;b1d3319b48&apos;&#10;System info: os.name: &apos;Windows 10&apos;, os.arch: &apos;amd64&apos;, os.version: &apos;10.0&apos;, java.version: &apos;20.0.1&apos;&#10;Driver info: org.openqa.selenium.chrome.ChromeDriver&#10;Command: [68d469855bf4326e65729a01ab7ece34c26bd14c, maximizeCurrentWindow []]&#10;Capabilities {acceptInsecureCerts: false, browserName: Safari, browserVersion: 15.6.1, optimalHubUrl: hub-euw.browserstack.com, platformName: mac, safari:automaticInspection: false, safari:automaticProfiling: false, safari:diagnose: false, safari:platformBuildVersion: 21G83, safari:platformVersion: 12.5.1, safari:useSimulator: false, setWindowRect: true, strictFileInteractability: false, webdriver.remote.sessionid: 68d469855bf4326e65729a01ab7..., webkit:WebRTC: {DisableICECandidateFiltering: false, DisableInsecureMediaCapture: false}}&#10;Session ID: 68d469855bf4326e65729a01ab7ece34c26bd14c" type="org.openqa.selenium.remote.UnreachableBrowserException"><![CDATA[org.openqa.selenium.remote.UnreachableBrowserException: 
Error communicating with the remote browser. It may have died.
Build info: version: '4.18.1', revision: 'b1d3319b48'
System info: os.name: 'Windows 10', os.arch: 'amd64', os.version: '10.0', java.version: '20.0.1'
Driver info: org.openqa.selenium.chrome.ChromeDriver
Command: [68d469855bf4326e65729a01ab7ece34c26bd14c, maximizeCurrentWindow []]
Capabilities {acceptInsecureCerts: false, browserName: Safari, browserVersion: 15.6.1, optimalHubUrl: hub-euw.browserstack.com, platformName: mac, safari:automaticInspection: false, safari:automaticProfiling: false, safari:diagnose: false, safari:platformBuildVersion: 21G83, safari:platformVersion: 12.5.1, safari:useSimulator: false, setWindowRect: true, strictFileInteractability: false, webdriver.remote.sessionid: 68d469855bf4326e65729a01ab7..., webkit:WebRTC: {DisableICECandidateFiltering: false, DisableInsecureMediaCapture: false}}
Session ID: 68d469855bf4326e65729a01ab7ece34c26bd14c
	at org.openqa.selenium.remote.RemoteWebDriver.execute(RemoteWebDriver.java:546)
	at org.openqa.selenium.remote.RemoteWebDriver.execute(RemoteWebDriver.java:592)
	at org.openqa.selenium.remote.RemoteWebDriver.execute(RemoteWebDriver.java:596)
	at org.openqa.selenium.remote.RemoteWebDriver$RemoteWebDriverOptions$RemoteWindow.maximize(RemoteWebDriver.java:1035)
	at stepDefinition.Base.setup(Base.java:51)
Caused by: java.lang.IllegalArgumentException: Unable to find mapping for {value={message=Session not started or terminated}, sessionId=, status=13}
	at org.openqa.selenium.remote.ErrorCodec.decode(ErrorCodec.java:152)
	at org.openqa.selenium.remote.codec.w3c.W3CHttpResponseCodec.decode(W3CHttpResponseCodec.java:138)
	at org.openqa.selenium.remote.codec.w3c.W3CHttpResponseCodec.decode(W3CHttpResponseCodec.java:50)
	at org.openqa.selenium.remote.HttpCommandExecutor.execute(HttpCommandExecutor.java:190)
	at org.openqa.selenium.remote.RemoteWebDriver.execute(RemoteWebDriver.java:519)
	at org.openqa.selenium.remote.RemoteWebDriver.execute(RemoteWebDriver.java:592)
	at org.openqa.selenium.remote.RemoteWebDriver.execute(RemoteWebDriver.java:596)
	at org.openqa.selenium.remote.RemoteWebDriver$RemoteWebDriverOptions$RemoteWindow.maximize(RemoteWebDriver.java:1035)
	at stepDefinition.Base.setup(Base.java:51)
	at java.base/jdk.internal.reflect.DirectMethodHandleAccessor.invoke(DirectMethodHandleAccessor.java:104)
	at java.base/java.lang.reflect.Method.invoke(Method.java:578)
	at io.cucumber.java.Invoker.doInvoke(Invoker.java:66)
	at io.cucumber.java.Invoker.invokeStatic(Invoker.java:80)
	at io.cucumber.java.AbstractGlueDefinition.invokeMethod(AbstractGlueDefinition.java:45)
	at io.cucumber.java.JavaStaticHookDefinition.execute(JavaStaticHookDefinition.java:49)
	at io.cucumber.core.runner.Runner.executeHook(Runner.java:112)
	at io.cucumber.core.runner.Runner.lambda$executeHooks$2(Runner.java:99)
	at io.cucumber.core.runner.ThrowableCollector.execute(ThrowableCollector.java:21)
	at io.cucumber.core.runner.Runner.executeHooks(Runner.java:99)
	at io.cucumber.core.runner.Runner.runBeforeAllHooks(Runner.java:89)
	at io.cucumber.core.runtime.RethrowingThrowableCollector.executeAndThrow(RethrowingThrowableCollector.java:23)
	at io.cucumber.core.runtime.CucumberExecutionContext.runBeforeAllHooks(CucumberExecutionContext.java:94)
	at io.cucumber.testng.TestNGCucumberRunner.<init>(TestNGCucumberRunner.java:124)
	at io.cucumber.testng.AbstractTestNGCucumberTests.setUpClass(AbstractTestNGCucumberTests.java:27)
	at java.base/jdk.internal.reflect.DirectMethodHandleAccessor.invoke(DirectMethodHandleAccessor.java:104)
	at java.base/java.lang.reflect.Method.invoke(Method.java:578)
	at org.testng.internal.invokers.MethodInvocationHelper.invokeMethod(MethodInvocationHelper.java:139)
	at org.testng.internal.invokers.MethodInvocationHelper.invokeMethodConsideringTimeout(MethodInvocationHelper.java:69)
	at org.testng.internal.invokers.ConfigInvoker.invokeConfigurationMethod(ConfigInvoker.java:390)
	at org.testng.internal.invokers.ConfigInvoker.invokeConfigurations(ConfigInvoker.java:325)
	at org.testng.internal.invokers.TestMethodWorker.invokeBeforeClassMethods(TestMethodWorker.java:180)
	at org.testng.internal.invokers.TestMethodWorker.run(TestMethodWorker.java:122)
	at java.base/java.util.ArrayList.forEach(ArrayList.java:1511)
	at org.testng.TestRunner.privateRun(TestRunner.java:848)
	at org.testng.TestRunner.run(TestRunner.java:621)
	at org.testng.SuiteRunner.runTest(SuiteRunner.java:443)
	at org.testng.SuiteRunner$SuiteWorker.run(SuiteRunner.java:481)
	at org.testng.internal.thread.ThreadUtil.lambda$execute$0(ThreadUtil.java:58)
	at java.base/java.util.concurrent.FutureTask.run(FutureTask.java:317)
	at java.base/java.util.concurrent.ThreadPoolExecutor.runWorker(ThreadPoolExecutor.java:1144)
	at java.base/java.util.concurrent.ThreadPoolExecutor$Worker.run(ThreadPoolExecutor.java:642)
	at java.base/java.lang.Thread.run(Thread.java:1623)
]]></failure>
    <system-err><![CDATA[Feb 28, 2024 1:46:06 AM org.openqa.selenium.remote.ErrorCodes toStatus
INFO: HTTP Status: '404' -> incorrect JSON status mapping for 'unknown error' (500 expected)
Feb 28, 2024 1:46:45 AM org.openqa.selenium.remote.ErrorCodes toStatus
INFO: HTTP Status: '404' -> incorrect JSON status mapping for 'unknown error' (500 expected)
]]></system-err>
  </testcase>
</testsuite>