<?xml version="1.0" encoding="UTF-8"?>
<testsuite xmlns:xsi="http://www.w3.org/2001/XMLSchema-instance" xsi:noNamespaceSchemaLocation="https://maven.apache.org/surefire/maven-surefire-plugin/xsd/surefire-test-report-3.0.xsd" version="3.0" name="TestSuite" time="45.86" tests="2" errors="0" skipped="0" failures="0">
  <properties>
[...]
</properties>
  <testcase name="runScenario[&quot;Validate that user can read blog posts&quot;, &quot;Title of your feature&quot;](1)" classname="runners.Runner" time="6.374">
    <system-out><![CDATA[Application Launched
I'm on the landing page
On test success
]]></system-out>
    <system-err><![CDATA[SLF4J: No SLF4J providers were found.
SLF4J: Defaulting to no-operation (NOP) logger implementation
SLF4J: See https://www.slf4j.org/codes.html#noProviders for further details.
]]></system-err>
  </testcase>
  <testcase name="runScenario[&quot;Validate that user can register for SDET training&quot;, &quot;Title of your feature&quot;](2)" classname="runners.Runner" time="11.604">
    <system-out><![CDATA[Application Launched
I'm on the landing page
On test success
]]></system-out>
  </testcase>
</testsuite>